<?xml version="1.0" encoding="UTF-8"?>
<testsuite xmlns:xsi="http://www.w3.org/2001/XMLSchema-instance" xsi:noNamespaceSchemaLocation="https://maven.apache.org/surefire/maven-surefire-plugin/xsd/surefire-test-report.xsd" name="com.bjpn.EurekaServerApplicationTests" time="10.167" tests="1" errors="0" skipped="0" failures="0">
  <properties>
    <property name="sun.desktop" value="windows"/>
    <property name="awt.toolkit" value="sun.awt.windows.WToolkit"/>
    <property name="java.specification.version" value="11"/>
    <property name="sun.cpu.isalist" value="amd64"/>
    <property name="sun.jnu.encoding" value="GBK"/>
    <property name="java.class.path" value="C:\project\springcloud\eureka\eureka-server\target\test-classes;C:\project\springcloud\eureka\eureka-server\target\classes;D:\javatools\repository\org\springframework\cloud\spring-cloud-starter-netflix-eureka-server\2.2.9.RELEASE\spring-cloud-starter-netflix-eureka-server-2.2.9.RELEASE.jar;D:\javatools\repository\org\springframework\cloud\spring-cloud-starter\2.2.9.RELEASE\spring-cloud-starter-2.2.9.RELEASE.jar;D:\javatools\repository\org\springframework\cloud\spring-cloud-context\2.2.9.RELEASE\spring-cloud-context-2.2.9.RELEASE.jar;D:\javatools\repository\org\springframework\security\spring-security-crypto\5.3.9.RELEASE\spring-security-crypto-5.3.9.RELEASE.jar;D:\javatools\repository\org\springframework\cloud\spring-cloud-commons\2.2.9.RELEASE\spring-cloud-commons-2.2.9.RELEASE.jar;D:\javatools\repository\org\springframework\security\spring-security-rsa\1.0.9.RELEASE\spring-security-rsa-1.0.9.RELEASE.jar;D:\javatools\repository\org\bouncycastle\bcpkix-jdk15on\1.64\bcpkix-jdk15on-1.64.jar;D:\javatools\repository\org\bouncycastle\bcprov-jdk15on\1.64\bcprov-jdk15on-1.64.jar;D:\javatools\repository\org\springframework\cloud\spring-cloud-netflix-eureka-server\2.2.9.RELEASE\spring-cloud-netflix-eureka-server-2.2.9.RELEASE.jar;D:\javatools\repository\org\springframework\boot\spring-boot-starter-web\2.3.12.RELEASE\spring-boot-starter-web-2.3.12.RELEASE.jar;D:\javatools\repository\org\springframework\boot\spring-boot-starter-json\2.3.12.RELEASE\spring-boot-starter-json-2.3.12.RELEASE.jar;D:\javatools\repository\com\fasterxml\jackson\datatype\jackson-datatype-jdk8\2.11.4\jackson-datatype-jdk8-2.11.4.jar;D:\javatools\repository\com\fasterxml\jackson\datatype\jackson-datatype-jsr310\2.11.4\jackson-datatype-jsr310-2.11.4.jar;D:\javatools\repository\com\fasterxml\jackson\module\jackson-module-parameter-names\2.11.4\jackson-module-parameter-names-2.11.4.jar;D:\javatools\repository\org\springframework\boot\spring-boot-starter-tomcat\2.3.12.RELEASE\spring-boot-starter-tomcat-2.3.12.RELEASE.jar;D:\javatools\repository\org\apache\tomcat\embed\tomcat-embed-core\9.0.46\tomcat-embed-core-9.0.46.jar;D:\javatools\repository\org\glassfish\jakarta.el\3.0.3\jakarta.el-3.0.3.jar;D:\javatools\repository\org\apache\tomcat\embed\tomcat-embed-websocket\9.0.46\tomcat-embed-websocket-9.0.46.jar;D:\javatools\repository\org\springframework\spring-web\5.2.15.RELEASE\spring-web-5.2.15.RELEASE.jar;D:\javatools\repository\org\springframework\spring-beans\5.2.15.RELEASE\spring-beans-5.2.15.RELEASE.jar;D:\javatools\repository\org\springframework\spring-webmvc\5.2.15.RELEASE\spring-webmvc-5.2.15.RELEASE.jar;D:\javatools\repository\org\springframework\spring-aop\5.2.15.RELEASE\spring-aop-5.2.15.RELEASE.jar;D:\javatools\repository\org\springframework\spring-expression\5.2.15.RELEASE\spring-expression-5.2.15.RELEASE.jar;D:\javatools\repository\org\springframework\boot\spring-boot-starter-actuator\2.3.12.RELEASE\spring-boot-starter-actuator-2.3.12.RELEASE.jar;D:\javatools\repository\org\springframework\boot\spring-boot-actuator-autoconfigure\2.3.12.RELEASE\spring-boot-actuator-autoconfigure-2.3.12.RELEASE.jar;D:\javatools\repository\org\springframework\boot\spring-boot-actuator\2.3.12.RELEASE\spring-boot-actuator-2.3.12.RELEASE.jar;D:\javatools\repository\io\micrometer\micrometer-core\1.5.14\micrometer-core-1.5.14.jar;D:\javatools\repository\org\hdrhistogram\HdrHistogram\2.1.12\HdrHistogram-2.1.12.jar;D:\javatools\repository\org\latencyutils\LatencyUtils\2.0.3\LatencyUtils-2.0.3.jar;D:\javatools\repository\org\springframework\boot\spring-boot-starter-freemarker\2.3.12.RELEASE\spring-boot-starter-freemarker-2.3.12.RELEASE.jar;D:\javatools\repository\org\freemarker\freemarker\2.3.31\freemarker-2.3.31.jar;D:\javatools\repository\org\springframework\spring-context-support\5.2.15.RELEASE\spring-context-support-5.2.15.RELEASE.jar;D:\javatools\repository\org\springframework\cloud\spring-cloud-netflix-hystrix\2.2.9.RELEASE\spring-cloud-netflix-hystrix-2.2.9.RELEASE.jar;D:\javatools\repository\org\springframework\boot\spring-boot-starter-aop\2.3.12.RELEASE\spring-boot-starter-aop-2.3.12.RELEASE.jar;D:\javatools\repository\org\aspectj\aspectjweaver\1.9.6\aspectjweaver-1.9.6.jar;D:\javatools\repository\org\springframework\cloud\spring-cloud-netflix-eureka-client\2.2.9.RELEASE\spring-cloud-netflix-eureka-client-2.2.9.RELEASE.jar;D:\javatools\repository\com\netflix\eureka\eureka-client\1.10.14\eureka-client-1.10.14.jar;D:\javatools\repository\com\netflix\netflix-commons\netflix-eventbus\0.3.0\netflix-eventbus-0.3.0.jar;D:\javatools\repository\com\netflix\netflix-commons\netflix-infix\0.3.0\netflix-infix-0.3.0.jar;D:\javatools\repository\commons-jxpath\commons-jxpath\1.3\commons-jxpath-1.3.jar;D:\javatools\repository\joda-time\joda-time\2.3\joda-time-2.3.jar;D:\javatools\repository\org\antlr\antlr-runtime\3.4\antlr-runtime-3.4.jar;D:\javatools\repository\org\antlr\stringtemplate\3.2.1\stringtemplate-3.2.1.jar;D:\javatools\repository\antlr\antlr\2.7.7\antlr-2.7.7.jar;D:\javatools\repository\com\google\code\gson\gson\2.8.7\gson-2.8.7.jar;D:\javatools\repository\org\apache\commons\commons-math\2.2\commons-math-2.2.jar;D:\javatools\repository\com\thoughtworks\xstream\xstream\1.4.16\xstream-1.4.16.jar;D:\javatools\repository\io\github\x-stream\mxparser\1.2.1\mxparser-1.2.1.jar;D:\javatools\repository\xmlpull\xmlpull\1.1.3.1\xmlpull-1.1.3.1.jar;D:\javatools\repository\javax\ws\rs\jsr311-api\1.1.1\jsr311-api-1.1.1.jar;D:\javatools\repository\com\netflix\servo\servo-core\0.12.21\servo-core-0.12.21.jar;D:\javatools\repository\com\sun\jersey\jersey-core\1.19.1\jersey-core-1.19.1.jar;D:\javatools\repository\com\sun\jersey\contribs\jersey-apache-client4\1.19.1\jersey-apache-client4-1.19.1.jar;D:\javatools\repository\org\apache\httpcomponents\httpclient\4.5.13\httpclient-4.5.13.jar;D:\javatools\repository\org\apache\httpcomponents\httpcore\4.4.14\httpcore-4.4.14.jar;D:\javatools\repository\commons-codec\commons-codec\1.14\commons-codec-1.14.jar;D:\javatools\repository\com\google\inject\guice\4.1.0\guice-4.1.0.jar;D:\javatools\repository\aopalliance\aopalliance\1.0\aopalliance-1.0.jar;D:\javatools\repository\com\fasterxml\jackson\core\jackson-annotations\2.11.4\jackson-annotations-2.11.4.jar;D:\javatools\repository\com\fasterxml\jackson\core\jackson-core\2.11.4\jackson-core-2.11.4.jar;D:\javatools\repository\com\fasterxml\jackson\core\jackson-databind\2.11.4\jackson-databind-2.11.4.jar;D:\javatools\repository\org\codehaus\jettison\jettison\1.4.0\jettison-1.4.0.jar;D:\javatools\repository\com\sun\jersey\jersey-servlet\1.19.4\jersey-servlet-1.19.4.jar;D:\javatools\repository\com\sun\jersey\jersey-server\1.19.4\jersey-server-1.19.4.jar;D:\javatools\repository\com\sun\jersey\jersey-client\1.19.4\jersey-client-1.19.4.jar;D:\javatools\repository\com\netflix\eureka\eureka-core\1.10.14\eureka-core-1.10.14.jar;D:\javatools\repository\com\fasterxml\woodstox\woodstox-core\6.2.1\woodstox-core-6.2.1.jar;D:\javatools\repository\com\netflix\archaius\archaius-core\0.7.7\archaius-core-0.7.7.jar;D:\javatools\repository\com\google\code\findbugs\jsr305\3.0.1\jsr305-3.0.1.jar;D:\javatools\repository\com\google\guava\guava\30.0-jre\guava-30.0-jre.jar;D:\javatools\repository\com\google\guava\failureaccess\1.0.1\failureaccess-1.0.1.jar;D:\javatools\repository\com\google\guava\listenablefuture\9999.0-empty-to-avoid-conflict-with-guava\listenablefuture-9999.0-empty-to-avoid-conflict-with-guava.jar;D:\javatools\repository\org\checkerframework\checker-qual\3.5.0\checker-qual-3.5.0.jar;D:\javatools\repository\com\google\errorprone\error_prone_annotations\2.3.4\error_prone_annotations-2.3.4.jar;D:\javatools\repository\com\google\j2objc\j2objc-annotations\1.3\j2objc-annotations-1.3.jar;D:\javatools\repository\javax\inject\javax.inject\1\javax.inject-1.jar;D:\javatools\repository\com\fasterxml\jackson\dataformat\jackson-dataformat-xml\2.11.4\jackson-dataformat-xml-2.11.4.jar;D:\javatools\repository\com\fasterxml\jackson\module\jackson-module-jaxb-annotations\2.11.4\jackson-module-jaxb-annotations-2.11.4.jar;D:\javatools\repository\org\codehaus\woodstox\stax2-api\4.2.1\stax2-api-4.2.1.jar;D:\javatools\repository\org\springframework\cloud\spring-cloud-starter-netflix-archaius\2.2.9.RELEASE\spring-cloud-starter-netflix-archaius-2.2.9.RELEASE.jar;D:\javatools\repository\org\springframework\cloud\spring-cloud-netflix-ribbon\2.2.9.RELEASE\spring-cloud-netflix-ribbon-2.2.9.RELEASE.jar;D:\javatools\repository\org\springframework\cloud\spring-cloud-netflix-archaius\2.2.9.RELEASE\spring-cloud-netflix-archaius-2.2.9.RELEASE.jar;D:\javatools\repository\commons-configuration\commons-configuration\1.8\commons-configuration-1.8.jar;D:\javatools\repository\commons-lang\commons-lang\2.6\commons-lang-2.6.jar;D:\javatools\repository\org\springframework\cloud\spring-cloud-starter-netflix-ribbon\2.2.9.RELEASE\spring-cloud-starter-netflix-ribbon-2.2.9.RELEASE.jar;D:\javatools\repository\com\netflix\ribbon\ribbon\2.3.0\ribbon-2.3.0.jar;D:\javatools\repository\com\netflix\ribbon\ribbon-transport\2.3.0\ribbon-transport-2.3.0.jar;D:\javatools\repository\io\reactivex\rxnetty-contexts\0.4.9\rxnetty-contexts-0.4.9.jar;D:\javatools\repository\io\reactivex\rxnetty-servo\0.4.9\rxnetty-servo-0.4.9.jar;D:\javatools\repository\com\netflix\hystrix\hystrix-core\1.5.18\hystrix-core-1.5.18.jar;D:\javatools\repository\io\reactivex\rxnetty\0.4.9\rxnetty-0.4.9.jar;D:\javatools\repository\com\netflix\ribbon\ribbon-core\2.3.0\ribbon-core-2.3.0.jar;D:\javatools\repository\com\netflix\ribbon\ribbon-httpclient\2.3.0\ribbon-httpclient-2.3.0.jar;D:\javatools\repository\commons-collections\commons-collections\3.2.2\commons-collections-3.2.2.jar;D:\javatools\repository\com\netflix\netflix-commons\netflix-commons-util\0.3.0\netflix-commons-util-0.3.0.jar;D:\javatools\repository\com\netflix\ribbon\ribbon-loadbalancer\2.3.0\ribbon-loadbalancer-2.3.0.jar;D:\javatools\repository\com\netflix\netflix-commons\netflix-statistics\0.1.1\netflix-statistics-0.1.1.jar;D:\javatools\repository\io\reactivex\rxjava\1.3.8\rxjava-1.3.8.jar;D:\javatools\repository\org\springframework\cloud\spring-cloud-starter-loadbalancer\2.2.9.RELEASE\spring-cloud-starter-loadbalancer-2.2.9.RELEASE.jar;D:\javatools\repository\org\springframework\cloud\spring-cloud-loadbalancer\2.2.9.RELEASE\spring-cloud-loadbalancer-2.2.9.RELEASE.jar;D:\javatools\repository\org\springframework\boot\spring-boot-starter-validation\2.3.12.RELEASE\spring-boot-starter-validation-2.3.12.RELEASE.jar;D:\javatools\repository\org\hibernate\validator\hibernate-validator\6.1.7.Final\hibernate-validator-6.1.7.Final.jar;D:\javatools\repository\jakarta\validation\jakarta.validation-api\2.0.2\jakarta.validation-api-2.0.2.jar;D:\javatools\repository\org\jboss\logging\jboss-logging\3.4.2.Final\jboss-logging-3.4.2.Final.jar;D:\javatools\repository\com\fasterxml\classmate\1.5.1\classmate-1.5.1.jar;D:\javatools\repository\io\projectreactor\reactor-core\3.3.17.RELEASE\reactor-core-3.3.17.RELEASE.jar;D:\javatools\repository\org\reactivestreams\reactive-streams\1.0.3\reactive-streams-1.0.3.jar;D:\javatools\repository\io\projectreactor\addons\reactor-extra\3.3.6.RELEASE\reactor-extra-3.3.6.RELEASE.jar;D:\javatools\repository\org\springframework\boot\spring-boot-starter-cache\2.3.12.RELEASE\spring-boot-starter-cache-2.3.12.RELEASE.jar;D:\javatools\repository\com\stoyanr\evictor\1.0.0\evictor-1.0.0.jar;D:\javatools\repository\com\netflix\ribbon\ribbon-eureka\2.3.0\ribbon-eureka-2.3.0.jar;D:\javatools\repository\org\slf4j\slf4j-api\1.7.30\slf4j-api-1.7.30.jar;D:\javatools\repository\org\glassfish\jaxb\jaxb-runtime\2.3.4\jaxb-runtime-2.3.4.jar;D:\javatools\repository\org\glassfish\jaxb\txw2\2.3.4\txw2-2.3.4.jar;D:\javatools\repository\com\sun\istack\istack-commons-runtime\3.0.12\istack-commons-runtime-3.0.12.jar;D:\javatools\repository\com\sun\activation\jakarta.activation\1.2.2\jakarta.activation-1.2.2.jar;D:\javatools\repository\org\springframework\boot\spring-boot-starter-test\2.3.12.RELEASE\spring-boot-starter-test-2.3.12.RELEASE.jar;D:\javatools\repository\org\springframework\boot\spring-boot-starter\2.3.12.RELEASE\spring-boot-starter-2.3.12.RELEASE.jar;D:\javatools\repository\org\springframework\boot\spring-boot\2.3.12.RELEASE\spring-boot-2.3.12.RELEASE.jar;D:\javatools\repository\org\springframework\spring-context\5.2.15.RELEASE\spring-context-5.2.15.RELEASE.jar;D:\javatools\repository\org\springframework\boot\spring-boot-autoconfigure\2.3.12.RELEASE\spring-boot-autoconfigure-2.3.12.RELEASE.jar;D:\javatools\repository\org\springframework\boot\spring-boot-starter-logging\2.3.12.RELEASE\spring-boot-starter-logging-2.3.12.RELEASE.jar;D:\javatools\repository\ch\qos\logback\logback-classic\1.2.3\logback-classic-1.2.3.jar;D:\javatools\repository\ch\qos\logback\logback-core\1.2.3\logback-core-1.2.3.jar;D:\javatools\repository\org\apache\logging\log4j\log4j-to-slf4j\2.13.3\log4j-to-slf4j-2.13.3.jar;D:\javatools\repository\org\apache\logging\log4j\log4j-api\2.13.3\log4j-api-2.13.3.jar;D:\javatools\repository\org\slf4j\jul-to-slf4j\1.7.30\jul-to-slf4j-1.7.30.jar;D:\javatools\repository\jakarta\annotation\jakarta.annotation-api\1.3.5\jakarta.annotation-api-1.3.5.jar;D:\javatools\repository\org\yaml\snakeyaml\1.26\snakeyaml-1.26.jar;D:\javatools\repository\org\springframework\boot\spring-boot-test\2.3.12.RELEASE\spring-boot-test-2.3.12.RELEASE.jar;D:\javatools\repository\org\springframework\boot\spring-boot-test-autoconfigure\2.3.12.RELEASE\spring-boot-test-autoconfigure-2.3.12.RELEASE.jar;D:\javatools\repository\com\jayway\jsonpath\json-path\2.4.0\json-path-2.4.0.jar;D:\javatools\repository\net\minidev\json-smart\2.3.1\json-smart-2.3.1.jar;D:\javatools\repository\net\minidev\accessors-smart\2.3.1\accessors-smart-2.3.1.jar;D:\javatools\repository\org\ow2\asm\asm\5.0.4\asm-5.0.4.jar;D:\javatools\repository\jakarta\xml\bind\jakarta.xml.bind-api\2.3.3\jakarta.xml.bind-api-2.3.3.jar;D:\javatools\repository\jakarta\activation\jakarta.activation-api\1.2.2\jakarta.activation-api-1.2.2.jar;D:\javatools\repository\org\assertj\assertj-core\3.16.1\assertj-core-3.16.1.jar;D:\javatools\repository\org\hamcrest\hamcrest\2.2\hamcrest-2.2.jar;D:\javatools\repository\org\junit\jupiter\junit-jupiter\5.6.3\junit-jupiter-5.6.3.jar;D:\javatools\repository\org\junit\jupiter\junit-jupiter-api\5.6.3\junit-jupiter-api-5.6.3.jar;D:\javatools\repository\org\opentest4j\opentest4j\1.2.0\opentest4j-1.2.0.jar;D:\javatools\repository\org\junit\platform\junit-platform-commons\1.6.3\junit-platform-commons-1.6.3.jar;D:\javatools\repository\org\junit\jupiter\junit-jupiter-params\5.6.3\junit-jupiter-params-5.6.3.jar;D:\javatools\repository\org\junit\jupiter\junit-jupiter-engine\5.6.3\junit-jupiter-engine-5.6.3.jar;D:\javatools\repository\org\junit\vintage\junit-vintage-engine\5.6.3\junit-vintage-engine-5.6.3.jar;D:\javatools\repository\org\apiguardian\apiguardian-api\1.1.0\apiguardian-api-1.1.0.jar;D:\javatools\repository\org\junit\platform\junit-platform-engine\1.6.3\junit-platform-engine-1.6.3.jar;D:\javatools\repository\junit\junit\4.13.2\junit-4.13.2.jar;D:\javatools\repository\org\mockito\mockito-core\3.3.3\mockito-core-3.3.3.jar;D:\javatools\repository\net\bytebuddy\byte-buddy\1.10.22\byte-buddy-1.10.22.jar;D:\javatools\repository\net\bytebuddy\byte-buddy-agent\1.10.22\byte-buddy-agent-1.10.22.jar;D:\javatools\repository\org\objenesis\objenesis\2.6\objenesis-2.6.jar;D:\javatools\repository\org\mockito\mockito-junit-jupiter\3.3.3\mockito-junit-jupiter-3.3.3.jar;D:\javatools\repository\org\skyscreamer\jsonassert\1.5.0\jsonassert-1.5.0.jar;D:\javatools\repository\com\vaadin\external\google\android-json\0.0.20131108.vaadin1\android-json-0.0.20131108.vaadin1.jar;D:\javatools\repository\org\springframework\spring-core\5.2.15.RELEASE\spring-core-5.2.15.RELEASE.jar;D:\javatools\repository\org\springframework\spring-jcl\5.2.15.RELEASE\spring-jcl-5.2.15.RELEASE.jar;D:\javatools\repository\org\springframework\spring-test\5.2.15.RELEASE\spring-test-5.2.15.RELEASE.jar;D:\javatools\repository\org\xmlunit\xmlunit-core\2.7.0\xmlunit-core-2.7.0.jar;"/>
    <property name="java.vm.vendor" value="Oracle Corporation"/>
    <property name="sun.arch.data.model" value="64"/>
    <property name="user.variant" value=""/>
    <property name="java.vendor.url" value="http://java.oracle.com/"/>
    <property name="user.timezone" value="GMT+08:00"/>
    <property name="java.vm.specification.version" value="11"/>
    <property name="os.name" value="Windows 10"/>
    <property name="sun.java.launcher" value="SUN_STANDARD"/>
    <property name="user.country" value="CN"/>
    <property name="sun.boot.library.path" value="D:\Program Files\Java\jdk-11.0.2\bin"/>
    <property name="sun.java.command" value="C:\Users\11446\AppData\Local\Temp\surefire15430876581261813293\surefirebooter15622835495306718331.jar C:\Users\11446\AppData\Local\Temp\surefire15430876581261813293 2022-09-16T21-35-34_069-jvmRun1 surefire8667123291594660506tmp surefire_05880010140002063093tmp"/>
    <property name="jdk.debug" value="release"/>
    <property name="surefire.test.class.path" value="C:\project\springcloud\eureka\eureka-server\target\test-classes;C:\project\springcloud\eureka\eureka-server\target\classes;D:\javatools\repository\org\springframework\cloud\spring-cloud-starter-netflix-eureka-server\2.2.9.RELEASE\spring-cloud-starter-netflix-eureka-server-2.2.9.RELEASE.jar;D:\javatools\repository\org\springframework\cloud\spring-cloud-starter\2.2.9.RELEASE\spring-cloud-starter-2.2.9.RELEASE.jar;D:\javatools\repository\org\springframework\cloud\spring-cloud-context\2.2.9.RELEASE\spring-cloud-context-2.2.9.RELEASE.jar;D:\javatools\repository\org\springframework\security\spring-security-crypto\5.3.9.RELEASE\spring-security-crypto-5.3.9.RELEASE.jar;D:\javatools\repository\org\springframework\cloud\spring-cloud-commons\2.2.9.RELEASE\spring-cloud-commons-2.2.9.RELEASE.jar;D:\javatools\repository\org\springframework\security\spring-security-rsa\1.0.9.RELEASE\spring-security-rsa-1.0.9.RELEASE.jar;D:\javatools\repository\org\bouncycastle\bcpkix-jdk15on\1.64\bcpkix-jdk15on-1.64.jar;D:\javatools\repository\org\bouncycastle\bcprov-jdk15on\1.64\bcprov-jdk15on-1.64.jar;D:\javatools\repository\org\springframework\cloud\spring-cloud-netflix-eureka-server\2.2.9.RELEASE\spring-cloud-netflix-eureka-server-2.2.9.RELEASE.jar;D:\javatools\repository\org\springframework\boot\spring-boot-starter-web\2.3.12.RELEASE\spring-boot-starter-web-2.3.12.RELEASE.jar;D:\javatools\repository\org\springframework\boot\spring-boot-starter-json\2.3.12.RELEASE\spring-boot-starter-json-2.3.12.RELEASE.jar;D:\javatools\repository\com\fasterxml\jackson\datatype\jackson-datatype-jdk8\2.11.4\jackson-datatype-jdk8-2.11.4.jar;D:\javatools\repository\com\fasterxml\jackson\datatype\jackson-datatype-jsr310\2.11.4\jackson-datatype-jsr310-2.11.4.jar;D:\javatools\repository\com\fasterxml\jackson\module\jackson-module-parameter-names\2.11.4\jackson-module-parameter-names-2.11.4.jar;D:\javatools\repository\org\springframework\boot\spring-boot-starter-tomcat\2.3.12.RELEASE\spring-boot-starter-tomcat-2.3.12.RELEASE.jar;D:\javatools\repository\org\apache\tomcat\embed\tomcat-embed-core\9.0.46\tomcat-embed-core-9.0.46.jar;D:\javatools\repository\org\glassfish\jakarta.el\3.0.3\jakarta.el-3.0.3.jar;D:\javatools\repository\org\apache\tomcat\embed\tomcat-embed-websocket\9.0.46\tomcat-embed-websocket-9.0.46.jar;D:\javatools\repository\org\springframework\spring-web\5.2.15.RELEASE\spring-web-5.2.15.RELEASE.jar;D:\javatools\repository\org\springframework\spring-beans\5.2.15.RELEASE\spring-beans-5.2.15.RELEASE.jar;D:\javatools\repository\org\springframework\spring-webmvc\5.2.15.RELEASE\spring-webmvc-5.2.15.RELEASE.jar;D:\javatools\repository\org\springframework\spring-aop\5.2.15.RELEASE\spring-aop-5.2.15.RELEASE.jar;D:\javatools\repository\org\springframework\spring-expression\5.2.15.RELEASE\spring-expression-5.2.15.RELEASE.jar;D:\javatools\repository\org\springframework\boot\spring-boot-starter-actuator\2.3.12.RELEASE\spring-boot-starter-actuator-2.3.12.RELEASE.jar;D:\javatools\repository\org\springframework\boot\spring-boot-actuator-autoconfigure\2.3.12.RELEASE\spring-boot-actuator-autoconfigure-2.3.12.RELEASE.jar;D:\javatools\repository\org\springframework\boot\spring-boot-actuator\2.3.12.RELEASE\spring-boot-actuator-2.3.12.RELEASE.jar;D:\javatools\repository\io\micrometer\micrometer-core\1.5.14\micrometer-core-1.5.14.jar;D:\javatools\repository\org\hdrhistogram\HdrHistogram\2.1.12\HdrHistogram-2.1.12.jar;D:\javatools\repository\org\latencyutils\LatencyUtils\2.0.3\LatencyUtils-2.0.3.jar;D:\javatools\repository\org\springframework\boot\spring-boot-starter-freemarker\2.3.12.RELEASE\spring-boot-starter-freemarker-2.3.12.RELEASE.jar;D:\javatools\repository\org\freemarker\freemarker\2.3.31\freemarker-2.3.31.jar;D:\javatools\repository\org\springframework\spring-context-support\5.2.15.RELEASE\spring-context-support-5.2.15.RELEASE.jar;D:\javatools\repository\org\springframework\cloud\spring-cloud-netflix-hystrix\2.2.9.RELEASE\spring-cloud-netflix-hystrix-2.2.9.RELEASE.jar;D:\javatools\repository\org\springframework\boot\spring-boot-starter-aop\2.3.12.RELEASE\spring-boot-starter-aop-2.3.12.RELEASE.jar;D:\javatools\repository\org\aspectj\aspectjweaver\1.9.6\aspectjweaver-1.9.6.jar;D:\javatools\repository\org\springframework\cloud\spring-cloud-netflix-eureka-client\2.2.9.RELEASE\spring-cloud-netflix-eureka-client-2.2.9.RELEASE.jar;D:\javatools\repository\com\netflix\eureka\eureka-client\1.10.14\eureka-client-1.10.14.jar;D:\javatools\repository\com\netflix\netflix-commons\netflix-eventbus\0.3.0\netflix-eventbus-0.3.0.jar;D:\javatools\repository\com\netflix\netflix-commons\netflix-infix\0.3.0\netflix-infix-0.3.0.jar;D:\javatools\repository\commons-jxpath\commons-jxpath\1.3\commons-jxpath-1.3.jar;D:\javatools\repository\joda-time\joda-time\2.3\joda-time-2.3.jar;D:\javatools\repository\org\antlr\antlr-runtime\3.4\antlr-runtime-3.4.jar;D:\javatools\repository\org\antlr\stringtemplate\3.2.1\stringtemplate-3.2.1.jar;D:\javatools\repository\antlr\antlr\2.7.7\antlr-2.7.7.jar;D:\javatools\repository\com\google\code\gson\gson\2.8.7\gson-2.8.7.jar;D:\javatools\repository\org\apache\commons\commons-math\2.2\commons-math-2.2.jar;D:\javatools\repository\com\thoughtworks\xstream\xstream\1.4.16\xstream-1.4.16.jar;D:\javatools\repository\io\github\x-stream\mxparser\1.2.1\mxparser-1.2.1.jar;D:\javatools\repository\xmlpull\xmlpull\1.1.3.1\xmlpull-1.1.3.1.jar;D:\javatools\repository\javax\ws\rs\jsr311-api\1.1.1\jsr311-api-1.1.1.jar;D:\javatools\repository\com\netflix\servo\servo-core\0.12.21\servo-core-0.12.21.jar;D:\javatools\repository\com\sun\jersey\jersey-core\1.19.1\jersey-core-1.19.1.jar;D:\javatools\repository\com\sun\jersey\contribs\jersey-apache-client4\1.19.1\jersey-apache-client4-1.19.1.jar;D:\javatools\repository\org\apache\httpcomponents\httpclient\4.5.13\httpclient-4.5.13.jar;D:\javatools\repository\org\apache\httpcomponents\httpcore\4.4.14\httpcore-4.4.14.jar;D:\javatools\repository\commons-codec\commons-codec\1.14\commons-codec-1.14.jar;D:\javatools\repository\com\google\inject\guice\4.1.0\guice-4.1.0.jar;D:\javatools\repository\aopalliance\aopalliance\1.0\aopalliance-1.0.jar;D:\javatools\repository\com\fasterxml\jackson\core\jackson-annotations\2.11.4\jackson-annotations-2.11.4.jar;D:\javatools\repository\com\fasterxml\jackson\core\jackson-core\2.11.4\jackson-core-2.11.4.jar;D:\javatools\repository\com\fasterxml\jackson\core\jackson-databind\2.11.4\jackson-databind-2.11.4.jar;D:\javatools\repository\org\codehaus\jettison\jettison\1.4.0\jettison-1.4.0.jar;D:\javatools\repository\com\sun\jersey\jersey-servlet\1.19.4\jersey-servlet-1.19.4.jar;D:\javatools\repository\com\sun\jersey\jersey-server\1.19.4\jersey-server-1.19.4.jar;D:\javatools\repository\com\sun\jersey\jersey-client\1.19.4\jersey-client-1.19.4.jar;D:\javatools\repository\com\netflix\eureka\eureka-core\1.10.14\eureka-core-1.10.14.jar;D:\javatools\repository\com\fasterxml\woodstox\woodstox-core\6.2.1\woodstox-core-6.2.1.jar;D:\javatools\repository\com\netflix\archaius\archaius-core\0.7.7\archaius-core-0.7.7.jar;D:\javatools\repository\com\google\code\findbugs\jsr305\3.0.1\jsr305-3.0.1.jar;D:\javatools\repository\com\google\guava\guava\30.0-jre\guava-30.0-jre.jar;D:\javatools\repository\com\google\guava\failureaccess\1.0.1\failureaccess-1.0.1.jar;D:\javatools\repository\com\google\guava\listenablefuture\9999.0-empty-to-avoid-conflict-with-guava\listenablefuture-9999.0-empty-to-avoid-conflict-with-guava.jar;D:\javatools\repository\org\checkerframework\checker-qual\3.5.0\checker-qual-3.5.0.jar;D:\javatools\repository\com\google\errorprone\error_prone_annotations\2.3.4\error_prone_annotations-2.3.4.jar;D:\javatools\repository\com\google\j2objc\j2objc-annotations\1.3\j2objc-annotations-1.3.jar;D:\javatools\repository\javax\inject\javax.inject\1\javax.inject-1.jar;D:\javatools\repository\com\fasterxml\jackson\dataformat\jackson-dataformat-xml\2.11.4\jackson-dataformat-xml-2.11.4.jar;D:\javatools\repository\com\fasterxml\jackson\module\jackson-module-jaxb-annotations\2.11.4\jackson-module-jaxb-annotations-2.11.4.jar;D:\javatools\repository\org\codehaus\woodstox\stax2-api\4.2.1\stax2-api-4.2.1.jar;D:\javatools\repository\org\springframework\cloud\spring-cloud-starter-netflix-archaius\2.2.9.RELEASE\spring-cloud-starter-netflix-archaius-2.2.9.RELEASE.jar;D:\javatools\repository\org\springframework\cloud\spring-cloud-netflix-ribbon\2.2.9.RELEASE\spring-cloud-netflix-ribbon-2.2.9.RELEASE.jar;D:\javatools\repository\org\springframework\cloud\spring-cloud-netflix-archaius\2.2.9.RELEASE\spring-cloud-netflix-archaius-2.2.9.RELEASE.jar;D:\javatools\repository\commons-configuration\commons-configuration\1.8\commons-configuration-1.8.jar;D:\javatools\repository\commons-lang\commons-lang\2.6\commons-lang-2.6.jar;D:\javatools\repository\org\springframework\cloud\spring-cloud-starter-netflix-ribbon\2.2.9.RELEASE\spring-cloud-starter-netflix-ribbon-2.2.9.RELEASE.jar;D:\javatools\repository\com\netflix\ribbon\ribbon\2.3.0\ribbon-2.3.0.jar;D:\javatools\repository\com\netflix\ribbon\ribbon-transport\2.3.0\ribbon-transport-2.3.0.jar;D:\javatools\repository\io\reactivex\rxnetty-contexts\0.4.9\rxnetty-contexts-0.4.9.jar;D:\javatools\repository\io\reactivex\rxnetty-servo\0.4.9\rxnetty-servo-0.4.9.jar;D:\javatools\repository\com\netflix\hystrix\hystrix-core\1.5.18\hystrix-core-1.5.18.jar;D:\javatools\repository\io\reactivex\rxnetty\0.4.9\rxnetty-0.4.9.jar;D:\javatools\repository\com\netflix\ribbon\ribbon-core\2.3.0\ribbon-core-2.3.0.jar;D:\javatools\repository\com\netflix\ribbon\ribbon-httpclient\2.3.0\ribbon-httpclient-2.3.0.jar;D:\javatools\repository\commons-collections\commons-collections\3.2.2\commons-collections-3.2.2.jar;D:\javatools\repository\com\netflix\netflix-commons\netflix-commons-util\0.3.0\netflix-commons-util-0.3.0.jar;D:\javatools\repository\com\netflix\ribbon\ribbon-loadbalancer\2.3.0\ribbon-loadbalancer-2.3.0.jar;D:\javatools\repository\com\netflix\netflix-commons\netflix-statistics\0.1.1\netflix-statistics-0.1.1.jar;D:\javatools\repository\io\reactivex\rxjava\1.3.8\rxjava-1.3.8.jar;D:\javatools\repository\org\springframework\cloud\spring-cloud-starter-loadbalancer\2.2.9.RELEASE\spring-cloud-starter-loadbalancer-2.2.9.RELEASE.jar;D:\javatools\repository\org\springframework\cloud\spring-cloud-loadbalancer\2.2.9.RELEASE\spring-cloud-loadbalancer-2.2.9.RELEASE.jar;D:\javatools\repository\org\springframework\boot\spring-boot-starter-validation\2.3.12.RELEASE\spring-boot-starter-validation-2.3.12.RELEASE.jar;D:\javatools\repository\org\hibernate\validator\hibernate-validator\6.1.7.Final\hibernate-validator-6.1.7.Final.jar;D:\javatools\repository\jakarta\validation\jakarta.validation-api\2.0.2\jakarta.validation-api-2.0.2.jar;D:\javatools\repository\org\jboss\logging\jboss-logging\3.4.2.Final\jboss-logging-3.4.2.Final.jar;D:\javatools\repository\com\fasterxml\classmate\1.5.1\classmate-1.5.1.jar;D:\javatools\repository\io\projectreactor\reactor-core\3.3.17.RELEASE\reactor-core-3.3.17.RELEASE.jar;D:\javatools\repository\org\reactivestreams\reactive-streams\1.0.3\reactive-streams-1.0.3.jar;D:\javatools\repository\io\projectreactor\addons\reactor-extra\3.3.6.RELEASE\reactor-extra-3.3.6.RELEASE.jar;D:\javatools\repository\org\springframework\boot\spring-boot-starter-cache\2.3.12.RELEASE\spring-boot-starter-cache-2.3.12.RELEASE.jar;D:\javatools\repository\com\stoyanr\evictor\1.0.0\evictor-1.0.0.jar;D:\javatools\repository\com\netflix\ribbon\ribbon-eureka\2.3.0\ribbon-eureka-2.3.0.jar;D:\javatools\repository\org\slf4j\slf4j-api\1.7.30\slf4j-api-1.7.30.jar;D:\javatools\repository\org\glassfish\jaxb\jaxb-runtime\2.3.4\jaxb-runtime-2.3.4.jar;D:\javatools\repository\org\glassfish\jaxb\txw2\2.3.4\txw2-2.3.4.jar;D:\javatools\repository\com\sun\istack\istack-commons-runtime\3.0.12\istack-commons-runtime-3.0.12.jar;D:\javatools\repository\com\sun\activation\jakarta.activation\1.2.2\jakarta.activation-1.2.2.jar;D:\javatools\repository\org\springframework\boot\spring-boot-starter-test\2.3.12.RELEASE\spring-boot-starter-test-2.3.12.RELEASE.jar;D:\javatools\repository\org\springframework\boot\spring-boot-starter\2.3.12.RELEASE\spring-boot-starter-2.3.12.RELEASE.jar;D:\javatools\repository\org\springframework\boot\spring-boot\2.3.12.RELEASE\spring-boot-2.3.12.RELEASE.jar;D:\javatools\repository\org\springframework\spring-context\5.2.15.RELEASE\spring-context-5.2.15.RELEASE.jar;D:\javatools\repository\org\springframework\boot\spring-boot-autoconfigure\2.3.12.RELEASE\spring-boot-autoconfigure-2.3.12.RELEASE.jar;D:\javatools\repository\org\springframework\boot\spring-boot-starter-logging\2.3.12.RELEASE\spring-boot-starter-logging-2.3.12.RELEASE.jar;D:\javatools\repository\ch\qos\logback\logback-classic\1.2.3\logback-classic-1.2.3.jar;D:\javatools\repository\ch\qos\logback\logback-core\1.2.3\logback-core-1.2.3.jar;D:\javatools\repository\org\apache\logging\log4j\log4j-to-slf4j\2.13.3\log4j-to-slf4j-2.13.3.jar;D:\javatools\repository\org\apache\logging\log4j\log4j-api\2.13.3\log4j-api-2.13.3.jar;D:\javatools\repository\org\slf4j\jul-to-slf4j\1.7.30\jul-to-slf4j-1.7.30.jar;D:\javatools\repository\jakarta\annotation\jakarta.annotation-api\1.3.5\jakarta.annotation-api-1.3.5.jar;D:\javatools\repository\org\yaml\snakeyaml\1.26\snakeyaml-1.26.jar;D:\javatools\repository\org\springframework\boot\spring-boot-test\2.3.12.RELEASE\spring-boot-test-2.3.12.RELEASE.jar;D:\javatools\repository\org\springframework\boot\spring-boot-test-autoconfigure\2.3.12.RELEASE\spring-boot-test-autoconfigure-2.3.12.RELEASE.jar;D:\javatools\repository\com\jayway\jsonpath\json-path\2.4.0\json-path-2.4.0.jar;D:\javatools\repository\net\minidev\json-smart\2.3.1\json-smart-2.3.1.jar;D:\javatools\repository\net\minidev\accessors-smart\2.3.1\accessors-smart-2.3.1.jar;D:\javatools\repository\org\ow2\asm\asm\5.0.4\asm-5.0.4.jar;D:\javatools\repository\jakarta\xml\bind\jakarta.xml.bind-api\2.3.3\jakarta.xml.bind-api-2.3.3.jar;D:\javatools\repository\jakarta\activation\jakarta.activation-api\1.2.2\jakarta.activation-api-1.2.2.jar;D:\javatools\repository\org\assertj\assertj-core\3.16.1\assertj-core-3.16.1.jar;D:\javatools\repository\org\hamcrest\hamcrest\2.2\hamcrest-2.2.jar;D:\javatools\repository\org\junit\jupiter\junit-jupiter\5.6.3\junit-jupiter-5.6.3.jar;D:\javatools\repository\org\junit\jupiter\junit-jupiter-api\5.6.3\junit-jupiter-api-5.6.3.jar;D:\javatools\repository\org\opentest4j\opentest4j\1.2.0\opentest4j-1.2.0.jar;D:\javatools\repository\org\junit\platform\junit-platform-commons\1.6.3\junit-platform-commons-1.6.3.jar;D:\javatools\repository\org\junit\jupiter\junit-jupiter-params\5.6.3\junit-jupiter-params-5.6.3.jar;D:\javatools\repository\org\junit\jupiter\junit-jupiter-engine\5.6.3\junit-jupiter-engine-5.6.3.jar;D:\javatools\repository\org\junit\vintage\junit-vintage-engine\5.6.3\junit-vintage-engine-5.6.3.jar;D:\javatools\repository\org\apiguardian\apiguardian-api\1.1.0\apiguardian-api-1.1.0.jar;D:\javatools\repository\org\junit\platform\junit-platform-engine\1.6.3\junit-platform-engine-1.6.3.jar;D:\javatools\repository\junit\junit\4.13.2\junit-4.13.2.jar;D:\javatools\repository\org\mockito\mockito-core\3.3.3\mockito-core-3.3.3.jar;D:\javatools\repository\net\bytebuddy\byte-buddy\1.10.22\byte-buddy-1.10.22.jar;D:\javatools\repository\net\bytebuddy\byte-buddy-agent\1.10.22\byte-buddy-agent-1.10.22.jar;D:\javatools\repository\org\objenesis\objenesis\2.6\objenesis-2.6.jar;D:\javatools\repository\org\mockito\mockito-junit-jupiter\3.3.3\mockito-junit-jupiter-3.3.3.jar;D:\javatools\repository\org\skyscreamer\jsonassert\1.5.0\jsonassert-1.5.0.jar;D:\javatools\repository\com\vaadin\external\google\android-json\0.0.20131108.vaadin1\android-json-0.0.20131108.vaadin1.jar;D:\javatools\repository\org\springframework\spring-core\5.2.15.RELEASE\spring-core-5.2.15.RELEASE.jar;D:\javatools\repository\org\springframework\spring-jcl\5.2.15.RELEASE\spring-jcl-5.2.15.RELEASE.jar;D:\javatools\repository\org\springframework\spring-test\5.2.15.RELEASE\spring-test-5.2.15.RELEASE.jar;D:\javatools\repository\org\xmlunit\xmlunit-core\2.7.0\xmlunit-core-2.7.0.jar;"/>
    <property name="sun.cpu.endian" value="little"/>
    <property name="user.home" value="C:\Users\11446"/>
    <property name="user.language" value="zh"/>
    <property name="java.specification.vendor" value="Oracle Corporation"/>
    <property name="java.version.date" value="2018-10-16"/>
    <property name="java.home" value="D:\Program Files\Java\jdk-11.0.2"/>
    <property name="file.separator" value="\"/>
    <property name="basedir" value="C:\project\springcloud\eureka\eureka-server"/>
    <property name="java.vm.compressedOopsMode" value="Zero based"/>
    <property name="line.separator" value="&#10;"/>
    <property name="java.specification.name" value="Java Platform API Specification"/>
    <property name="java.vm.specification.vendor" value="Oracle Corporation"/>
    <property name="java.awt.graphicsenv" value="sun.awt.Win32GraphicsEnvironment"/>
    <property name="surefire.real.class.path" value="C:\Users\11446\AppData\Local\Temp\surefire15430876581261813293\surefirebooter15622835495306718331.jar"/>
    <property name="user.script" value=""/>
    <property name="sun.management.compiler" value="HotSpot 64-Bit Tiered Compilers"/>
    <property name="java.runtime.version" value="11.0.2+7-LTS"/>
    <property name="user.name" value="11446"/>
    <property name="path.separator" value=";"/>
    <property name="os.version" value="10.0"/>
    <property name="java.runtime.name" value="Java(TM) SE Runtime Environment"/>
    <property name="file.encoding" value="GBK"/>
    <property name="java.vm.name" value="Java HotSpot(TM) 64-Bit Server VM"/>
    <property name="java.vendor.version" value="18.9"/>
    <property name="localRepository" value="D:\javatools\repository"/>
    <property name="java.vendor.url.bug" value="http://bugreport.java.com/bugreport/"/>
    <property name="java.io.tmpdir" value="C:\Users\11446\AppData\Local\Temp\"/>
    <property name="idea.version" value="2018.3.3"/>
    <property name="java.version" value="11.0.2"/>
    <property name="user.dir" value="C:\project\springcloud\eureka\eureka-server"/>
    <property name="os.arch" value="amd64"/>
    <property name="java.vm.specification.name" value="Java Virtual Machine Specification"/>
    <property name="java.awt.printerjob" value="sun.awt.windows.WPrinterJob"/>
    <property name="sun.os.patch.level" value=""/>
    <property name="java.library.path" value="D:\Program Files\Java\jdk-11.0.2\bin;C:\Windows\Sun\Java\bin;C:\Windows\system32;C:\Windows;D:\Program Files\Java\jdk-11.0.2\bin;C:\ProgramData\Oracle\Java\javapath;C:\Windows\system32;C:\Windows;C:\Windows\System32\Wbem;C:\Windows\System32\WindowsPowerShell\v1.0\;C:\Windows\System32\OpenSSH\;C:\Program Files (x86)\NVIDIA Corporation\PhysX\Common;C:\Program Files\NVIDIA Corporation\NVIDIA NvDLISR;C:\Program Files\Intel\WiFi\bin\;C:\Program Files\Common Files\Intel\WirelessCommon\;C:\Windows\system32;C:\Windows;C:\Windows\System32\Wbem;C:\Windows\System32\WindowsPowerShell\v1.0\;C:\Windows\System32\OpenSSH\;C:\Program Files\MySQL\MySQL Server 8.0\bin;D:\git\Git\cmd;C:\Program Files (x86)\NetSarang\Xftp 7\;C:\Program Files (x86)\NetSarang\Xshell 7\;C:\OpenSSL-Win64\bin;D:\Program Files\Java\jdk-11.0.2\bin;C:\Program Files\MongoDB\Server\5.0\bin;C:\Program Files\MySQL\MySQL Shell 8.0\bin\;C:\Users\11446\AppData\Local\Microsoft\WindowsApps;;."/>
    <property name="java.vendor" value="Oracle Corporation"/>
    <property name="java.vm.info" value="mixed mode"/>
    <property name="java.vm.version" value="11.0.2+7-LTS"/>
    <property name="sun.io.unicode.encoding" value="UnicodeLittle"/>
    <property name="maven.repo.local" value="D:\javatools\repository"/>
    <property name="java.class.version" value="55.0"/>
  </properties>
  <testcase name="contextLoads" classname="com.bjpn.EurekaServerApplicationTests" time="0.365"/>
</testsuite>